build/intermediates/manifest_merge_blame_file/debug/manifest-merger-blame-debug-report.txt
1<?xml version="1.0" encoding="utf-8"?>
2<manifest xmlns:android="http://schemas.android.com/apk/res/android"
3    package="com.example.myapplication"
4    android:versionCode="1"
5    android:versionName="1.0" >
6
7    <uses-sdk
8        android:minSdkVersion="24"
8-->src\main\AndroidManifest.xml
9        android:targetSdkVersion="34" />
9-->src\main\AndroidManifest.xml
10
11    <uses-feature
11-->src\main\AndroidManifest.xml:4:5-6:35
12        android:name="android.hardware.camera"
12-->src\main\AndroidManifest.xml:5:9-47
13        android:required="true" />
13-->src\main\AndroidManifest.xml:6:9-32
14
15    <uses-permission android:name="android.permission.RECEIVE_BOOT_COMPLETED" />
15-->src\main\AndroidManifest.xml:7:5-80
15-->src\main\AndroidManifest.xml:7:22-78
16    <uses-permission android:name="android.permission.ACCESS_FINE_LOCATION" />
16-->src\main\AndroidManifest.xml:8:5-79
16-->src\main\AndroidManifest.xml:8:22-76
17    <uses-permission android:name="android.permission.ACCESS_COARSE_LOCATION" />
17-->src\main\AndroidManifest.xml:9:5-81
17-->src\main\AndroidManifest.xml:9:22-78
18    <uses-permission android:name="android.permission.POST_NOTIFICATIONS" />
18-->src\main\AndroidManifest.xml:11:5-77
18-->src\main\AndroidManifest.xml:11:22-74
19    <uses-permission
19-->src\main\AndroidManifest.xml:12:5-13:38
20        android:name="android.permission.READ_EXTERNAL_STORAGE"
20-->src\main\AndroidManifest.xml:12:22-77
21        android:maxSdkVersion="32" />
21-->src\main\AndroidManifest.xml:13:9-35
22    <uses-permission
22-->src\main\AndroidManifest.xml:14:5-15:38
23        android:name="android.permission.WRITE_EXTERNAL_STORAGE"
23-->src\main\AndroidManifest.xml:14:22-78
24        android:maxSdkVersion="32" />
24-->src\main\AndroidManifest.xml:15:9-35
25    <uses-permission android:name="android.permission.READ_MEDIA_IMAGES" />
25-->src\main\AndroidManifest.xml:16:5-76
25-->src\main\AndroidManifest.xml:16:22-73
26    <uses-permission android:name="android.permission.CAMERA" />
26-->src\main\AndroidManifest.xml:17:5-64
26-->src\main\AndroidManifest.xml:17:22-62
27
28    <permission
28-->[androidx.core:core:1.13.0] AndroidManifest.xml:22:5-24:47
29        android:name="com.example.myapplication.DYNAMIC_RECEIVER_NOT_EXPORTED_PERMISSION"
29-->[androidx.core:core:1.13.0] AndroidManifest.xml:23:9-81
30        android:protectionLevel="signature" />
30-->[androidx.core:core:1.13.0] AndroidManifest.xml:24:9-44
31
32    <uses-permission android:name="com.example.myapplication.DYNAMIC_RECEIVER_NOT_EXPORTED_PERMISSION" />
32-->[androidx.core:core:1.13.0] AndroidManifest.xml:26:5-97
32-->[androidx.core:core:1.13.0] AndroidManifest.xml:26:22-94
33
34    <application
34-->src\main\AndroidManifest.xml:18:5-47:19
35        android:allowBackup="true"
35-->src\main\AndroidManifest.xml:19:9-35
36        android:appComponentFactory="androidx.core.app.CoreComponentFactory"
36-->[androidx.core:core:1.13.0] AndroidManifest.xml:28:18-86
37        android:dataExtractionRules="@xml/data_extraction_rules"
37-->src\main\AndroidManifest.xml:20:9-65
38        android:debuggable="true"
39        android:extractNativeLibs="false"
40        android:fullBackupContent="@xml/backup_rules"
40-->src\main\AndroidManifest.xml:21:9-54
41        android:icon="@mipmap/ic_launcher"
41-->src\main\AndroidManifest.xml:22:9-43
42        android:label="@string/app_name"
42-->src\main\AndroidManifest.xml:23:9-41
43        android:roundIcon="@mipmap/ic_launcher_round"
43-->src\main\AndroidManifest.xml:24:9-54
44        android:supportsRtl="true"
44-->src\main\AndroidManifest.xml:25:9-35
45        android:theme="@style/Theme.MyApplication" >
45-->src\main\AndroidManifest.xml:26:9-51
46        <activity
46-->src\main\AndroidManifest.xml:28:9-35:20
47            android:name="com.example.myapplication.MainActivity"
47-->src\main\AndroidManifest.xml:29:13-41
48            android:exported="true" >
48-->src\main\AndroidManifest.xml:30:13-36
49            <intent-filter>
49-->src\main\AndroidManifest.xml:31:13-34:29
50                <action android:name="android.intent.action.MAIN" />
50-->src\main\AndroidManifest.xml:32:17-69
50-->src\main\AndroidManifest.xml:32:25-66
51
52                <category android:name="android.intent.category.LAUNCHER" />
52-->src\main\AndroidManifest.xml:33:17-77
52-->src\main\AndroidManifest.xml:33:27-74
53            </intent-filter>
54        </activity>
55        <activity android:name="com.example.myapplication.AttendanceActivity" />
55-->src\main\AndroidManifest.xml:36:9-55
55-->src\main\AndroidManifest.xml:36:19-53
56
57        <receiver
57-->src\main\AndroidManifest.xml:37:9-80
58            android:name="com.example.myapplication.RemainderReceiver"
58-->src\main\AndroidManifest.xml:37:19-52
59            android:exported="false" />
59-->src\main\AndroidManifest.xml:37:53-77
60        <receiver
60-->src\main\AndroidManifest.xml:38:9-81
61            android:name="com.example.myapplication.MarkAbsentReceiver"
61-->src\main\AndroidManifest.xml:38:19-53
62            android:exported="false" />
62-->src\main\AndroidManifest.xml:38:54-78
63        <receiver
63-->src\main\AndroidManifest.xml:40:9-45:20
64            android:name="com.example.myapplication.BootReceiver"
64-->src\main\AndroidManifest.xml:40:19-47
65            android:exported="true" >
65-->src\main\AndroidManifest.xml:41:13-36
66            <intent-filter>
66-->src\main\AndroidManifest.xml:42:13-44:29
67                <action android:name="android.intent.action.BOOT_COMPLETED" />
67-->src\main\AndroidManifest.xml:43:17-78
67-->src\main\AndroidManifest.xml:43:25-76
68            </intent-filter>
69        </receiver>
70
71        <activity
71-->[com.google.android.gms:play-services-base:18.5.0] AndroidManifest.xml:5:9-173
72            android:name="com.google.android.gms.common.api.GoogleApiActivity"
72-->[com.google.android.gms:play-services-base:18.5.0] AndroidManifest.xml:5:19-85
73            android:exported="false"
73-->[com.google.android.gms:play-services-base:18.5.0] AndroidManifest.xml:5:146-170
74            android:theme="@android:style/Theme.Translucent.NoTitleBar" />
74-->[com.google.android.gms:play-services-base:18.5.0] AndroidManifest.xml:5:86-145
75
76        <meta-data
76-->[com.google.android.gms:play-services-basement:18.4.0] AndroidManifest.xml:6:9-122
77            android:name="com.google.android.gms.version"
77-->[com.google.android.gms:play-services-basement:18.4.0] AndroidManifest.xml:6:20-65
78            android:value="@integer/google_play_services_version" />
78-->[com.google.android.gms:play-services-basement:18.4.0] AndroidManifest.xml:6:66-119
79
80        <provider
80-->[androidx.emoji2:emoji2:1.3.0] AndroidManifest.xml:24:9-32:20
81            android:name="androidx.startup.InitializationProvider"
81-->[androidx.emoji2:emoji2:1.3.0] AndroidManifest.xml:25:13-67
82            android:authorities="com.example.myapplication.androidx-startup"
82-->[androidx.emoji2:emoji2:1.3.0] AndroidManifest.xml:26:13-68
83            android:exported="false" >
83-->[androidx.emoji2:emoji2:1.3.0] AndroidManifest.xml:27:13-37
84            <meta-data
84-->[androidx.emoji2:emoji2:1.3.0] AndroidManifest.xml:29:13-31:52
85                android:name="androidx.emoji2.text.EmojiCompatInitializer"
85-->[androidx.emoji2:emoji2:1.3.0] AndroidManifest.xml:30:17-75
86                android:value="androidx.startup" />
86-->[androidx.emoji2:emoji2:1.3.0] AndroidManifest.xml:31:17-49
87            <meta-data
87-->[androidx.lifecycle:lifecycle-process:2.6.2] AndroidManifest.xml:29:13-31:52
88                android:name="androidx.lifecycle.ProcessLifecycleInitializer"
88-->[androidx.lifecycle:lifecycle-process:2.6.2] AndroidManifest.xml:30:17-78
89                android:value="androidx.startup" />
89-->[androidx.lifecycle:lifecycle-process:2.6.2] AndroidManifest.xml:31:17-49
90            <meta-data
90-->[androidx.profileinstaller:profileinstaller:1.4.0] AndroidManifest.xml:29:13-31:52
91                android:name="androidx.profileinstaller.ProfileInstallerInitializer"
91-->[androidx.profileinstaller:profileinstaller:1.4.0] AndroidManifest.xml:30:17-85
92                android:value="androidx.startup" />
92-->[androidx.profileinstaller:profileinstaller:1.4.0] AndroidManifest.xml:31:17-49
93        </provider>
94
95        <receiver
95-->[androidx.profileinstaller:profileinstaller:1.4.0] AndroidManifest.xml:34:9-52:20
96            android:name="androidx.profileinstaller.ProfileInstallReceiver"
96-->[androidx.profileinstaller:profileinstaller:1.4.0] AndroidManifest.xml:35:13-76
97            android:directBootAware="false"
97-->[androidx.profileinstaller:profileinstaller:1.4.0] AndroidManifest.xml:36:13-44
98            android:enabled="true"
98-->[androidx.profileinstaller:profileinstaller:1.4.0] AndroidManifest.xml:37:13-35
99            android:exported="true"
99-->[androidx.profileinstaller:profileinstaller:1.4.0] AndroidManifest.xml:38:13-36
100            android:permission="android.permission.DUMP" >
100-->[androidx.profileinstaller:profileinstaller:1.4.0] AndroidManifest.xml:39:13-57
101            <intent-filter>
101-->[androidx.profileinstaller:profileinstaller:1.4.0] AndroidManifest.xml:40:13-42:29
102                <action android:name="androidx.profileinstaller.action.INSTALL_PROFILE" />
102-->[androidx.profileinstaller:profileinstaller:1.4.0] AndroidManifest.xml:41:17-91
102-->[androidx.profileinstaller:profileinstaller:1.4.0] AndroidManifest.xml:41:25-88
103            </intent-filter>
104            <intent-filter>
104-->[androidx.profileinstaller:profileinstaller:1.4.0] AndroidManifest.xml:43:13-45:29
105                <action android:name="androidx.profileinstaller.action.SKIP_FILE" />
105-->[androidx.profileinstaller:profileinstaller:1.4.0] AndroidManifest.xml:44:17-85
105-->[androidx.profileinstaller:profileinstaller:1.4.0] AndroidManifest.xml:44:25-82
106            </intent-filter>
107            <intent-filter>
107-->[androidx.profileinstaller:profileinstaller:1.4.0] AndroidManifest.xml:46:13-48:29
108                <action android:name="androidx.profileinstaller.action.SAVE_PROFILE" />
108-->[androidx.profileinstaller:profileinstaller:1.4.0] AndroidManifest.xml:47:17-88
108-->[androidx.profileinstaller:profileinstaller:1.4.0] AndroidManifest.xml:47:25-85
109            </intent-filter>
110            <intent-filter>
110-->[androidx.profileinstaller:profileinstaller:1.4.0] AndroidManifest.xml:49:13-51:29
111                <action android:name="androidx.profileinstaller.action.BENCHMARK_OPERATION" />
111-->[androidx.profileinstaller:profileinstaller:1.4.0] AndroidManifest.xml:50:17-95
111-->[androidx.profileinstaller:profileinstaller:1.4.0] AndroidManifest.xml:50:25-92
112            </intent-filter>
113        </receiver>
114    </application>
115
116</manifest>